This is pdfTeX, Version 3.14159265-2.6-1.40.19 (MiKTeX 2.9.6840) (preloaded format=pdflatex 2018.10.17)  26 OCT 2018 11:02
entering extended mode
**./7510_blp.tex
(7510_blp.tex
LaTeX2e <2018-04-01> patch level 5
(/usr/local/share/miktex-texmf/tex/latex/base/article.cls
Document Class: article 2014/09/29 v1.4h Standard LaTeX document class
(/usr/local/share/miktex-texmf/tex/latex/base/size12.clo
File: size12.clo 2014/09/29 v1.4h Standard LaTeX file (size option)
)
\c@part=\count80
\c@section=\count81
\c@subsection=\count82
\c@subsubsection=\count83
\c@paragraph=\count84
\c@subparagraph=\count85
\c@figure=\count86
\c@table=\count87
\abovecaptionskip=\skip41
\belowcaptionskip=\skip42
\bibindent=\dimen102
)
(/usr/local/share/miktex-texmf/tex/latex/geometry/geometry.sty
Package: geometry 2018/04/16 v5.8 Page Geometry

(/usr/local/share/miktex-texmf/tex/latex/graphics/keyval.sty
Package: keyval 2014/10/28 v1.15 key=value parser (DPC)
\KV@toks@=\toks14
)
(/usr/local/share/miktex-texmf/tex/generic/oberdiek/ifpdf.sty
Package: ifpdf 2018/09/07 v3.3 Provides the ifpdf switch
)
(/usr/local/share/miktex-texmf/tex/generic/oberdiek/ifvtex.sty
Package: ifvtex 2016/05/16 v1.6 Detect VTeX and its facilities (HO)
Package ifvtex Info: VTeX not detected.
)
(/usr/local/share/miktex-texmf/tex/generic/ifxetex/ifxetex.sty
Package: ifxetex 2010/09/12 v0.6 Provides ifxetex conditional
)
\Gm@cnth=\count88
\Gm@cntv=\count89
\c@Gm@tempcnt=\count90
\Gm@bindingoffset=\dimen103
\Gm@wd@mp=\dimen104
\Gm@odd@mp=\dimen105
\Gm@even@mp=\dimen106
\Gm@layoutwidth=\dimen107
\Gm@layoutheight=\dimen108
\Gm@layouthoffset=\dimen109
\Gm@layoutvoffset=\dimen110
\Gm@dimlist=\toks15

(/usr/local/share/miktex-texmf/tex/latex/geometry/geometry.cfg))
(/usr/local/share/miktex-texmf/tex/latex/base/inputenc.sty
Package: inputenc 2018/04/06 v1.3b Input encoding file
\inpenc@prehook=\toks16
\inpenc@posthook=\toks17
)
(/usr/local/share/miktex-texmf/tex/latex/amsmath/amsmath.sty
Package: amsmath 2017/09/02 v2.17a AMS math features
\@mathmargin=\skip43

For additional information on amsmath, use the `?' option.
(/usr/local/share/miktex-texmf/tex/latex/amsmath/amstext.sty
Package: amstext 2000/06/29 v2.01 AMS text

(/usr/local/share/miktex-texmf/tex/latex/amsmath/amsgen.sty
File: amsgen.sty 1999/11/30 v2.0 generic functions
\@emptytoks=\toks18
\ex@=\dimen111
))
(/usr/local/share/miktex-texmf/tex/latex/amsmath/amsbsy.sty
Package: amsbsy 1999/11/29 v1.2d Bold Symbols
\pmbraise@=\dimen112
)
(/usr/local/share/miktex-texmf/tex/latex/amsmath/amsopn.sty
Package: amsopn 2016/03/08 v2.02 operator names
)
\inf@bad=\count91
LaTeX Info: Redefining \frac on input line 213.
\uproot@=\count92
\leftroot@=\count93
LaTeX Info: Redefining \overline on input line 375.
\classnum@=\count94
\DOTSCASE@=\count95
LaTeX Info: Redefining \ldots on input line 472.
LaTeX Info: Redefining \dots on input line 475.
LaTeX Info: Redefining \cdots on input line 596.
\Mathstrutbox@=\box26
\strutbox@=\box27
\big@size=\dimen113
LaTeX Font Info:    Redeclaring font encoding OML on input line 712.
LaTeX Font Info:    Redeclaring font encoding OMS on input line 713.
\macc@depth=\count96
\c@MaxMatrixCols=\count97
\dotsspace@=\muskip10
\c@parentequation=\count98
\dspbrk@lvl=\count99
\tag@help=\toks19
\row@=\count100
\column@=\count101
\maxfields@=\count102
\andhelp@=\toks20
\eqnshift@=\dimen114
\alignsep@=\dimen115
\tagshift@=\dimen116
\tagwidth@=\dimen117
\totwidth@=\dimen118
\lineht@=\dimen119
\@envbody=\toks21
\multlinegap=\skip44
\multlinetaggap=\skip45
\mathdisplay@stack=\toks22
LaTeX Info: Redefining \[ on input line 2817.
LaTeX Info: Redefining \] on input line 2818.
)
(/usr/local/share/miktex-texmf/tex/latex/amscls/amsthm.sty
Package: amsthm 2017/10/31 v2.20.4
\thm@style=\toks23
\thm@bodyfont=\toks24
\thm@headfont=\toks25
\thm@notefont=\toks26
\thm@headpunct=\toks27
\thm@preskip=\skip46
\thm@postskip=\skip47
\thm@headsep=\skip48
\dth@everypar=\toks28
)
(/usr/local/share/miktex-texmf/tex/latex/amsfonts/amssymb.sty
Package: amssymb 2013/01/14 v3.01 AMS font symbols

(/usr/local/share/miktex-texmf/tex/latex/amsfonts/amsfonts.sty
Package: amsfonts 2013/01/14 v3.01 Basic AMSFonts support
\symAMSa=\mathgroup4
\symAMSb=\mathgroup5
LaTeX Font Info:    Overwriting math alphabet `\mathfrak' in version `bold'
(Font)                  U/euf/m/n --> U/euf/b/n on input line 106.
))
(/usr/local/share/miktex-texmf/tex/latex/graphics/graphics.sty
Package: graphics 2017/06/25 v1.2c Standard LaTeX Graphics (DPC,SPQR)

(/usr/local/share/miktex-texmf/tex/latex/graphics/trig.sty
Package: trig 2016/01/03 v1.10 sin cos tan (DPC)
)
(/usr/local/share/miktex-texmf/tex/latex/graphics-cfg/graphics.cfg
File: graphics.cfg 2016/06/04 v1.11 sample graphics configuration
)
Package graphics Info: Driver file: pdftex.def on input line 99.

(/usr/local/share/miktex-texmf/tex/latex/graphics-def/pdftex.def
File: pdftex.def 2018/01/08 v1.0l Graphics/color driver for pdftex
))
(/home/julien/.miktex/texmfs/install/tex/latex/pgf/frontendlayer/tikz.sty
(/home/julien/.miktex/texmfs/install/tex/latex/pgf/basiclayer/pgf.sty
(/home/julien/.miktex/texmfs/install/tex/latex/pgf/utilities/pgfrcs.sty
(/home/julien/.miktex/texmfs/install/tex/generic/pgf/utilities/pgfutil-common.t
ex
\pgfutil@everybye=\toks29
\pgfutil@tempdima=\dimen120
\pgfutil@tempdimb=\dimen121

(/home/julien/.miktex/texmfs/install/tex/generic/pgf/utilities/pgfutil-common-l
ists.tex))
(/home/julien/.miktex/texmfs/install/tex/generic/pgf/utilities/pgfutil-latex.de
f
\pgfutil@abb=\box28
 (/home/julien/.miktex/texmfs/install/tex/latex/ms/everyshi.sty
Package: everyshi 2001/05/15 v3.00 EveryShipout Package (MS)
))
(/home/julien/.miktex/texmfs/install/tex/generic/pgf/utilities/pgfrcs.code.tex
Package: pgfrcs 2015/08/07 v3.0.1a (rcs-revision 1.31)
))
Package: pgf 2015/08/07 v3.0.1a (rcs-revision 1.15)
 (/home/julien/.miktex/texmfs/install/tex/latex/pgf/basiclayer/pgfcore.sty
(/usr/local/share/miktex-texmf/tex/latex/graphics/graphicx.sty
Package: graphicx 2017/06/01 v1.1a Enhanced LaTeX Graphics (DPC,SPQR)
\Gin@req@height=\dimen122
\Gin@req@width=\dimen123
)
(/home/julien/.miktex/texmfs/install/tex/latex/pgf/systemlayer/pgfsys.sty
(/home/julien/.miktex/texmfs/install/tex/generic/pgf/systemlayer/pgfsys.code.te
x
Package: pgfsys 2014/07/09 v3.0.1a (rcs-revision 1.48)

(/home/julien/.miktex/texmfs/install/tex/generic/pgf/utilities/pgfkeys.code.tex
\pgfkeys@pathtoks=\toks30
\pgfkeys@temptoks=\toks31

(/home/julien/.miktex/texmfs/install/tex/generic/pgf/utilities/pgfkeysfiltered.
code.tex
\pgfkeys@tmptoks=\toks32
))
\pgf@x=\dimen124
\pgf@y=\dimen125
\pgf@xa=\dimen126
\pgf@ya=\dimen127
\pgf@xb=\dimen128
\pgf@yb=\dimen129
\pgf@xc=\dimen130
\pgf@yc=\dimen131
\w@pgf@writea=\write3
\r@pgf@reada=\read1
\c@pgf@counta=\count103
\c@pgf@countb=\count104
\c@pgf@countc=\count105
\c@pgf@countd=\count106
\t@pgf@toka=\toks33
\t@pgf@tokb=\toks34
\t@pgf@tokc=\toks35

(/home/julien/.miktex/texmfs/install/tex/generic/pgf/systemlayer/pgf.cfg
File: pgf.cfg 2008/05/14  (rcs-revision 1.7)
)
Driver file for pgf: pgfsys-pdftex.def

(/home/julien/.miktex/texmfs/install/tex/generic/pgf/systemlayer/pgfsys-pdftex.
def
File: pgfsys-pdftex.def 2014/10/11  (rcs-revision 1.35)

(/home/julien/.miktex/texmfs/install/tex/generic/pgf/systemlayer/pgfsys-common-
pdf.def
File: pgfsys-common-pdf.def 2013/10/10  (rcs-revision 1.13)
)))
(/home/julien/.miktex/texmfs/install/tex/generic/pgf/systemlayer/pgfsyssoftpath
.code.tex
File: pgfsyssoftpath.code.tex 2013/09/09  (rcs-revision 1.9)
\pgfsyssoftpath@smallbuffer@items=\count107
\pgfsyssoftpath@bigbuffer@items=\count108
)
(/home/julien/.miktex/texmfs/install/tex/generic/pgf/systemlayer/pgfsysprotocol
.code.tex
File: pgfsysprotocol.code.tex 2006/10/16  (rcs-revision 1.4)
)) (/home/julien/.miktex/texmfs/install/tex/latex/xcolor/xcolor.sty
Package: xcolor 2016/05/11 v2.12 LaTeX color extensions (UK)

(/usr/local/share/miktex-texmf/tex/latex/graphics-cfg/color.cfg
File: color.cfg 2016/01/02 v1.6 sample color configuration
)
Package xcolor Info: Driver file: pdftex.def on input line 225.
Package xcolor Info: Model `cmy' substituted by `cmy0' on input line 1348.
Package xcolor Info: Model `hsb' substituted by `rgb' on input line 1352.
Package xcolor Info: Model `RGB' extended on input line 1364.
Package xcolor Info: Model `HTML' substituted by `rgb' on input line 1366.
Package xcolor Info: Model `Hsb' substituted by `hsb' on input line 1367.
Package xcolor Info: Model `tHsb' substituted by `hsb' on input line 1368.
Package xcolor Info: Model `HSB' substituted by `hsb' on input line 1369.
Package xcolor Info: Model `Gray' substituted by `gray' on input line 1370.
Package xcolor Info: Model `wave' substituted by `hsb' on input line 1371.
)
(/home/julien/.miktex/texmfs/install/tex/generic/pgf/basiclayer/pgfcore.code.te
x
Package: pgfcore 2010/04/11 v3.0.1a (rcs-revision 1.7)
 (/home/julien/.miktex/texmfs/install/tex/generic/pgf/math/pgfmath.code.tex
(/home/julien/.miktex/texmfs/install/tex/generic/pgf/math/pgfmathcalc.code.tex
(/home/julien/.miktex/texmfs/install/tex/generic/pgf/math/pgfmathutil.code.tex)

(/home/julien/.miktex/texmfs/install/tex/generic/pgf/math/pgfmathparser.code.te
x
\pgfmath@dimen=\dimen132
\pgfmath@count=\count109
\pgfmath@box=\box29
\pgfmath@toks=\toks36
\pgfmath@stack@operand=\toks37
\pgfmath@stack@operation=\toks38
)
(/home/julien/.miktex/texmfs/install/tex/generic/pgf/math/pgfmathfunctions.code
.tex
(/home/julien/.miktex/texmfs/install/tex/generic/pgf/math/pgfmathfunctions.basi
c.code.tex)
(/home/julien/.miktex/texmfs/install/tex/generic/pgf/math/pgfmathfunctions.trig
onometric.code.tex)
(/home/julien/.miktex/texmfs/install/tex/generic/pgf/math/pgfmathfunctions.rand
om.code.tex)
(/home/julien/.miktex/texmfs/install/tex/generic/pgf/math/pgfmathfunctions.comp
arison.code.tex)
(/home/julien/.miktex/texmfs/install/tex/generic/pgf/math/pgfmathfunctions.base
.code.tex)
(/home/julien/.miktex/texmfs/install/tex/generic/pgf/math/pgfmathfunctions.roun
d.code.tex)
(/home/julien/.miktex/texmfs/install/tex/generic/pgf/math/pgfmathfunctions.misc
.code.tex)
(/home/julien/.miktex/texmfs/install/tex/generic/pgf/math/pgfmathfunctions.inte
gerarithmetics.code.tex)))
(/home/julien/.miktex/texmfs/install/tex/generic/pgf/math/pgfmathfloat.code.tex
\c@pgfmathroundto@lastzeros=\count110
))
(/home/julien/.miktex/texmfs/install/tex/generic/pgf/basiclayer/pgfcorepoints.c
ode.tex
File: pgfcorepoints.code.tex 2013/10/07  (rcs-revision 1.27)
\pgf@picminx=\dimen133
\pgf@picmaxx=\dimen134
\pgf@picminy=\dimen135
\pgf@picmaxy=\dimen136
\pgf@pathminx=\dimen137
\pgf@pathmaxx=\dimen138
\pgf@pathminy=\dimen139
\pgf@pathmaxy=\dimen140
\pgf@xx=\dimen141
\pgf@xy=\dimen142
\pgf@yx=\dimen143
\pgf@yy=\dimen144
\pgf@zx=\dimen145
\pgf@zy=\dimen146
)
(/home/julien/.miktex/texmfs/install/tex/generic/pgf/basiclayer/pgfcorepathcons
truct.code.tex
File: pgfcorepathconstruct.code.tex 2013/10/07  (rcs-revision 1.29)
\pgf@path@lastx=\dimen147
\pgf@path@lasty=\dimen148
)
(/home/julien/.miktex/texmfs/install/tex/generic/pgf/basiclayer/pgfcorepathusag
e.code.tex
File: pgfcorepathusage.code.tex 2014/11/02  (rcs-revision 1.24)
\pgf@shorten@end@additional=\dimen149
\pgf@shorten@start@additional=\dimen150
)
(/home/julien/.miktex/texmfs/install/tex/generic/pgf/basiclayer/pgfcorescopes.c
ode.tex
File: pgfcorescopes.code.tex 2015/05/08  (rcs-revision 1.46)
\pgfpic=\box30
\pgf@hbox=\box31
\pgf@layerbox@main=\box32
\pgf@picture@serial@count=\count111
)
(/home/julien/.miktex/texmfs/install/tex/generic/pgf/basiclayer/pgfcoregraphics
tate.code.tex
File: pgfcoregraphicstate.code.tex 2014/11/02  (rcs-revision 1.12)
\pgflinewidth=\dimen151
)
(/home/julien/.miktex/texmfs/install/tex/generic/pgf/basiclayer/pgfcoretransfor
mations.code.tex
File: pgfcoretransformations.code.tex 2015/08/07  (rcs-revision 1.20)
\pgf@pt@x=\dimen152
\pgf@pt@y=\dimen153
\pgf@pt@temp=\dimen154
)
(/home/julien/.miktex/texmfs/install/tex/generic/pgf/basiclayer/pgfcorequick.co
de.tex
File: pgfcorequick.code.tex 2008/10/09  (rcs-revision 1.3)
)
(/home/julien/.miktex/texmfs/install/tex/generic/pgf/basiclayer/pgfcoreobjects.
code.tex
File: pgfcoreobjects.code.tex 2006/10/11  (rcs-revision 1.2)
)
(/home/julien/.miktex/texmfs/install/tex/generic/pgf/basiclayer/pgfcorepathproc
essing.code.tex
File: pgfcorepathprocessing.code.tex 2013/09/09  (rcs-revision 1.9)
)
(/home/julien/.miktex/texmfs/install/tex/generic/pgf/basiclayer/pgfcorearrows.c
ode.tex
File: pgfcorearrows.code.tex 2015/05/14  (rcs-revision 1.43)
\pgfarrowsep=\dimen155
)
(/home/julien/.miktex/texmfs/install/tex/generic/pgf/basiclayer/pgfcoreshade.co
de.tex
File: pgfcoreshade.code.tex 2013/07/15  (rcs-revision 1.15)
\pgf@max=\dimen156
\pgf@sys@shading@range@num=\count112
)
(/home/julien/.miktex/texmfs/install/tex/generic/pgf/basiclayer/pgfcoreimage.co
de.tex
File: pgfcoreimage.code.tex 2013/07/15  (rcs-revision 1.18)

(/home/julien/.miktex/texmfs/install/tex/generic/pgf/basiclayer/pgfcoreexternal
.code.tex
File: pgfcoreexternal.code.tex 2014/07/09  (rcs-revision 1.21)
\pgfexternal@startupbox=\box33
))
(/home/julien/.miktex/texmfs/install/tex/generic/pgf/basiclayer/pgfcorelayers.c
ode.tex
File: pgfcorelayers.code.tex 2013/07/18  (rcs-revision 1.7)
)
(/home/julien/.miktex/texmfs/install/tex/generic/pgf/basiclayer/pgfcoretranspar
ency.code.tex
File: pgfcoretransparency.code.tex 2013/09/30  (rcs-revision 1.5)
)
(/home/julien/.miktex/texmfs/install/tex/generic/pgf/basiclayer/pgfcorepatterns
.code.tex
File: pgfcorepatterns.code.tex 2013/11/07  (rcs-revision 1.5)
)))
(/home/julien/.miktex/texmfs/install/tex/generic/pgf/modules/pgfmoduleshapes.co
de.tex
File: pgfmoduleshapes.code.tex 2014/03/21  (rcs-revision 1.35)
\pgfnodeparttextbox=\box34
)
(/home/julien/.miktex/texmfs/install/tex/generic/pgf/modules/pgfmoduleplot.code
.tex
File: pgfmoduleplot.code.tex 2015/08/03  (rcs-revision 1.13)
)
(/home/julien/.miktex/texmfs/install/tex/latex/pgf/compatibility/pgfcomp-versio
n-0-65.sty
Package: pgfcomp-version-0-65 2007/07/03 v3.0.1a (rcs-revision 1.7)
\pgf@nodesepstart=\dimen157
\pgf@nodesepend=\dimen158
)
(/home/julien/.miktex/texmfs/install/tex/latex/pgf/compatibility/pgfcomp-versio
n-1-18.sty
Package: pgfcomp-version-1-18 2007/07/23 v3.0.1a (rcs-revision 1.1)
))
(/home/julien/.miktex/texmfs/install/tex/latex/pgf/utilities/pgffor.sty
(/home/julien/.miktex/texmfs/install/tex/latex/pgf/utilities/pgfkeys.sty
(/home/julien/.miktex/texmfs/install/tex/generic/pgf/utilities/pgfkeys.code.tex
)) (/home/julien/.miktex/texmfs/install/tex/latex/pgf/math/pgfmath.sty
(/home/julien/.miktex/texmfs/install/tex/generic/pgf/math/pgfmath.code.tex))
(/home/julien/.miktex/texmfs/install/tex/generic/pgf/utilities/pgffor.code.tex
Package: pgffor 2013/12/13 v3.0.1a (rcs-revision 1.25)

(/home/julien/.miktex/texmfs/install/tex/generic/pgf/math/pgfmath.code.tex)
\pgffor@iter=\dimen159
\pgffor@skip=\dimen160
\pgffor@stack=\toks39
\pgffor@toks=\toks40
))
(/home/julien/.miktex/texmfs/install/tex/generic/pgf/frontendlayer/tikz/tikz.co
de.tex
Package: tikz 2015/08/07 v3.0.1a (rcs-revision 1.151)

(/home/julien/.miktex/texmfs/install/tex/generic/pgf/libraries/pgflibraryplotha
ndlers.code.tex
File: pgflibraryplothandlers.code.tex 2013/08/31 v3.0.1a (rcs-revision 1.20)
\pgf@plot@mark@count=\count113
\pgfplotmarksize=\dimen161
)
\tikz@lastx=\dimen162
\tikz@lasty=\dimen163
\tikz@lastxsaved=\dimen164
\tikz@lastysaved=\dimen165
\tikzleveldistance=\dimen166
\tikzsiblingdistance=\dimen167
\tikz@figbox=\box35
\tikz@figbox@bg=\box36
\tikz@tempbox=\box37
\tikz@tempbox@bg=\box38
\tikztreelevel=\count114
\tikznumberofchildren=\count115
\tikznumberofcurrentchild=\count116
\tikz@fig@count=\count117

(/home/julien/.miktex/texmfs/install/tex/generic/pgf/modules/pgfmodulematrix.co
de.tex
File: pgfmodulematrix.code.tex 2013/09/17  (rcs-revision 1.8)
\pgfmatrixcurrentrow=\count118
\pgfmatrixcurrentcolumn=\count119
\pgf@matrix@numberofcolumns=\count120
)
\tikz@expandcount=\count121

(/home/julien/.miktex/texmfs/install/tex/generic/pgf/frontendlayer/tikz/librari
es/tikzlibrarytopaths.code.tex
File: tikzlibrarytopaths.code.tex 2008/06/17 v3.0.1a (rcs-revision 1.2)
)))
(/usr/local/share/miktex-texmf/tex/latex/float/float.sty
Package: float 2001/11/08 v1.3d Float enhancements (AL)
\c@float@type=\count122
\float@exts=\toks41
\float@box=\box39
\@float@everytoks=\toks42
\@floatcapt=\box40
)
(/usr/local/share/miktex-texmf/tex/latex/tools/enumerate.sty
Package: enumerate 2015/07/23 v3.00 enumerate extensions (DPC)
\@enLab=\toks43
)
(/home/julien/.miktex/texmfs/install/tex/latex/listings/listings.sty
\lst@mode=\count123
\lst@gtempboxa=\box41
\lst@token=\toks44
\lst@length=\count124
\lst@currlwidth=\dimen168
\lst@column=\count125
\lst@pos=\count126
\lst@lostspace=\dimen169
\lst@width=\dimen170
\lst@newlines=\count127
\lst@lineno=\count128
\lst@maxwidth=\dimen171

(/home/julien/.miktex/texmfs/install/tex/latex/listings/lstmisc.sty
File: lstmisc.sty 2018/09/02 1.7 (Carsten Heinz)
\c@lstnumber=\count129
\lst@skipnumbers=\count130
\lst@framebox=\box42
)
(/home/julien/.miktex/texmfs/install/tex/latex/listings/listings.cfg
File: listings.cfg 2018/09/02 1.7 listings configuration
))
Package: listings 2018/09/02 1.7 (Carsten Heinz)

(/usr/local/share/miktex-texmf/tex/latex/tools/verbatim.sty
Package: verbatim 2014/10/28 v1.5q LaTeX2e package for verbatim enhancements
\every@verbatim=\toks45
\verbatim@line=\toks46
\verbatim@in@stream=\read2
)
(/home/julien/.miktex/texmfs/install/tex/latex/booktabs/booktabs.sty
Package: booktabs 2005/04/14 v1.61803 publication quality tables
\heavyrulewidth=\dimen172
\lightrulewidth=\dimen173
\cmidrulewidth=\dimen174
\belowrulesep=\dimen175
\belowbottomsep=\dimen176
\aboverulesep=\dimen177
\abovetopsep=\dimen178
\cmidrulesep=\dimen179
\cmidrulekern=\dimen180
\defaultaddspace=\dimen181
\@cmidla=\count131
\@cmidlb=\count132
\@aboverulesep=\dimen182
\@belowrulesep=\dimen183
\@thisruleclass=\count133
\@lastruleclass=\count134
\@thisrulewidth=\dimen184
)
(/home/julien/.miktex/texmfs/install/tex/latex/siunitx/siunitx.sty
(/home/julien/.miktex/texmfs/install/tex/latex/l3kernel/expl3.sty
Package: expl3 2018-10-19 L3 programming layer (loader) 

(/home/julien/.miktex/texmfs/install/tex/latex/l3kernel/expl3-code.tex
Package: expl3 2018-10-19 L3 programming layer (code)
\c_max_int=\count135
\l_tmpa_int=\count136
\l_tmpb_int=\count137
\g_tmpa_int=\count138
\g_tmpb_int=\count139
\g__kernel_prg_map_int=\count140
\c_log_iow=\count141
\l_iow_line_count_int=\count142
\l__iow_line_target_int=\count143
\l__iow_one_indent_int=\count144
\l__iow_indent_int=\count145
\c_zero_dim=\dimen185
\c_max_dim=\dimen186
\l_tmpa_dim=\dimen187
\l_tmpb_dim=\dimen188
\g_tmpa_dim=\dimen189
\g_tmpb_dim=\dimen190
\c_zero_skip=\skip49
\c_max_skip=\skip50
\l_tmpa_skip=\skip51
\l_tmpb_skip=\skip52
\g_tmpa_skip=\skip53
\g_tmpb_skip=\skip54
\c_zero_muskip=\muskip11
\c_max_muskip=\muskip12
\l_tmpa_muskip=\muskip13
\l_tmpb_muskip=\muskip14
\g_tmpa_muskip=\muskip15
\g_tmpb_muskip=\muskip16
\l_keys_choice_int=\count146
\l__intarray_loop_int=\count147
\c__intarray_sp_dim=\dimen191
\g__intarray_font_int=\count148
\c__fp_leading_shift_int=\count149
\c__fp_middle_shift_int=\count150
\c__fp_trailing_shift_int=\count151
\c__fp_big_leading_shift_int=\count152
\c__fp_big_middle_shift_int=\count153
\c__fp_big_trailing_shift_int=\count154
\c__fp_Bigg_leading_shift_int=\count155
\c__fp_Bigg_middle_shift_int=\count156
\c__fp_Bigg_trailing_shift_int=\count157
\c__kernel_randint_max_int=\count158
\g__fp_array_int=\count159
\l__fp_array_loop_int=\count160
\l__sort_length_int=\count161
\l__sort_min_int=\count162
\l__sort_top_int=\count163
\l__sort_max_int=\count164
\l__sort_true_max_int=\count165
\l__sort_block_int=\count166
\l__sort_begin_int=\count167
\l__sort_end_int=\count168
\l__sort_A_int=\count169
\l__sort_B_int=\count170
\l__sort_C_int=\count171
\l__tl_analysis_normal_int=\count172
\l__tl_analysis_index_int=\count173
\l__tl_analysis_nesting_int=\count174
\l__tl_analysis_type_int=\count175
\l__regex_internal_a_int=\count176
\l__regex_internal_b_int=\count177
\l__regex_internal_c_int=\count178
\l__regex_balance_int=\count179
\l__regex_group_level_int=\count180
\l__regex_mode_int=\count181
\c__regex_cs_in_class_mode_int=\count182
\c__regex_cs_mode_int=\count183
\l__regex_catcodes_int=\count184
\l__regex_default_catcodes_int=\count185
\c__regex_catcode_D_int=\count186
\c__regex_catcode_S_int=\count187
\c__regex_catcode_L_int=\count188
\c__regex_catcode_O_int=\count189
\c__regex_catcode_A_int=\count190
\c__regex_all_catcodes_int=\count191
\l__regex_show_lines_int=\count192
\l__regex_min_state_int=\count193
\l__regex_max_state_int=\count194
\l__regex_left_state_int=\count195
\l__regex_right_state_int=\count196
\l__regex_capturing_group_int=\count197
\l__regex_min_pos_int=\count198
\l__regex_max_pos_int=\count199
\l__regex_curr_pos_int=\count266
\l__regex_start_pos_int=\count267
\l__regex_success_pos_int=\count268
\l__regex_curr_char_int=\count269
\l__regex_curr_catcode_int=\count270
\l__regex_last_char_int=\count271
\l__regex_case_changed_char_int=\count272
\l__regex_curr_state_int=\count273
\l__regex_step_int=\count274
\l__regex_min_active_int=\count275
\l__regex_max_active_int=\count276
\l__regex_replacement_csnames_int=\count277
\l__regex_match_count_int=\count278
\l__regex_min_submatch_int=\count279
\l__regex_submatch_int=\count280
\l__regex_zeroth_submatch_int=\count281
\g__regex_trace_regex_int=\count282
\c_empty_box=\box43
\l_tmpa_box=\box44
\l_tmpb_box=\box45
\g_tmpa_box=\box46
\g_tmpb_box=\box47
\l__box_top_dim=\dimen192
\l__box_bottom_dim=\dimen193
\l__box_left_dim=\dimen194
\l__box_right_dim=\dimen195
\l__box_top_new_dim=\dimen196
\l__box_bottom_new_dim=\dimen197
\l__box_left_new_dim=\dimen198
\l__box_right_new_dim=\dimen199
\l__box_internal_box=\box48
\l__coffin_internal_box=\box49
\l__coffin_internal_dim=\dimen256
\l__coffin_offset_x_dim=\dimen257
\l__coffin_offset_y_dim=\dimen258
\l__coffin_x_dim=\dimen259
\l__coffin_y_dim=\dimen260
\l__coffin_x_prime_dim=\dimen261
\l__coffin_y_prime_dim=\dimen262
\c_empty_coffin=\box50
\l__coffin_aligned_coffin=\box51
\l__coffin_aligned_internal_coffin=\box52
\l_tmpa_coffin=\box53
\l_tmpb_coffin=\box54
\l__coffin_display_coffin=\box55
\l__coffin_display_coord_coffin=\box56
\l__coffin_display_pole_coffin=\box57
\l__coffin_display_offset_dim=\dimen263
\l__coffin_display_x_dim=\dimen264
\l__coffin_display_y_dim=\dimen265
\g__file_internal_ior=\read3
\l__coffin_bounding_shift_dim=\dimen266
\l__coffin_left_corner_dim=\dimen267
\l__coffin_right_corner_dim=\dimen268
\l__coffin_bottom_corner_dim=\dimen269
\l__coffin_top_corner_dim=\dimen270
\l__coffin_scaled_total_height_dim=\dimen271
\l__coffin_scaled_width_dim=\dimen272
\l__seq_internal_a_int=\count283
\l__seq_internal_b_int=\count284
)
(/home/julien/.miktex/texmfs/install/tex/latex/l3kernel/l3pdfmode.def
File: l3pdfmode.def 2018-10-19 v L3 Experimental driver: PDF mode
\l__driver_color_stack_int=\count285
))
(/home/julien/.miktex/texmfs/install/tex/latex/l3packages/xparse/xparse.sty
Package: xparse 2018-10-17 L3 Experimental document command parser
\l__xparse_current_arg_int=\count286
\g__xparse_grabber_int=\count287
\l__xparse_m_args_int=\count288
\l__xparse_mandatory_args_int=\count289
\l__xparse_v_nesting_int=\count290
)
Package: siunitx 2018/05/17 v2.7s A comprehensive (SI) units package

(/usr/local/share/miktex-texmf/tex/latex/tools/array.sty
Package: array 2018/04/30 v2.4h Tabular extension package (FMi)
\col@sep=\dimen273
\ar@mcellbox=\box58
\extrarowheight=\dimen274
\NC@list=\toks47
\extratabsurround=\skip55
\backup@length=\skip56
\ar@cellbox=\box59
)
(/home/julien/.miktex/texmfs/install/tex/latex/l3packages/l3keys2e/l3keys2e.sty
Package: l3keys2e 2018-10-17 LaTeX2e option processing using LaTeX3 keys
)
\l__siunitx_tmp_box=\box60
\l__siunitx_tmp_dim=\dimen275
\l__siunitx_tmp_int=\count291
\l__siunitx_number_mantissa_length_int=\count292
\l__siunitx_number_uncert_length_int=\count293
\l__siunitx_round_int=\count294
\l__siunitx_process_decimal_int=\count295
\l__siunitx_process_uncertainty_int=\count296
\l__siunitx_process_fixed_int=\count297
\l__siunitx_process_integer_min_int=\count298
\l__siunitx_process_precision_int=\count299
\l__siunitx_group_min_int=\count300
\l__siunitx_angle_marker_box=\box61
\l__siunitx_angle_unit_box=\box62
\l__siunitx_angle_marker_dim=\dimen276
\l__siunitx_angle_unit_dim=\dimen277
\l__siunitx_unit_int=\count301
\l__siunitx_unit_denominator_int=\count302
\l__siunitx_unit_numerator_int=\count303
\l__siunitx_unit_prefix_int=\count304
\l__siunitx_unit_prefix_base_int=\count305
\l__siunitx_unit_prefix_gram_int=\count306
\l__siunitx_number_product_int=\count307
\c__siunitx_one_fill_skip=\skip57
\l__siunitx_table_unit_align_skip=\skip58
\l__siunitx_table_exponent_dim=\dimen278
\l__siunitx_table_integer_dim=\dimen279
\l__siunitx_table_mantissa_dim=\dimen280
\l__siunitx_table_marker_dim=\dimen281
\l__siunitx_table_result_dim=\dimen282
\l__siunitx_table_uncert_dim=\dimen283
\l__siunitx_table_fill_pre_dim=\dimen284
\l__siunitx_table_fill_post_dim=\dimen285
\l__siunitx_table_fill_mid_dim=\dimen286
\l__siunitx_table_pre_box=\box63
\l__siunitx_table_post_box=\box64
\l__siunitx_table_mantissa_box=\box65
\l__siunitx_table_result_box=\box66
\l__siunitx_table_number_align_skip=\skip59
\l__siunitx_table_text_align_skip=\skip60
 (/home/julien/.miktex/texmfs/install/tex/latex/translator/translator.sty
Package: translator 2018/01/04 v1.12 Easy translation of strings in LaTeX
))
(/home/julien/.miktex/texmfs/install/tex/latex/listings/lstlang1.sty
File: lstlang1.sty 2018/09/02 1.7 listings language file
)
\c@theorem=\count308

(7510_blp.aux)
\openout1 = `7510_blp.aux'.

LaTeX Font Info:    Checking defaults for OML/cmm/m/it on input line 99.
LaTeX Font Info:    ... okay on input line 99.
LaTeX Font Info:    Checking defaults for T1/cmr/m/n on input line 99.
LaTeX Font Info:    ... okay on input line 99.
LaTeX Font Info:    Checking defaults for OT1/cmr/m/n on input line 99.
LaTeX Font Info:    ... okay on input line 99.
LaTeX Font Info:    Checking defaults for OMS/cmsy/m/n on input line 99.
LaTeX Font Info:    ... okay on input line 99.
LaTeX Font Info:    Checking defaults for OMX/cmex/m/n on input line 99.
LaTeX Font Info:    ... okay on input line 99.
LaTeX Font Info:    Checking defaults for U/cmr/m/n on input line 99.
LaTeX Font Info:    ... okay on input line 99.

*geometry* driver: auto-detecting
*geometry* detected driver: pdftex
*geometry* verbose mode - [ preamble ] result:
* driver: pdftex
* paper: <default>
* layout: <same size as paper>
* layoutoffset:(h,v)=(0.0pt,0.0pt)
* modes: 
* h-part:(L,W,R)=(72.26999pt, 469.75502pt, 72.26999pt)
* v-part:(T,H,B)=(72.26999pt, 650.43001pt, 72.26999pt)
* \paperwidth=614.295pt
* \paperheight=794.96999pt
* \textwidth=469.75502pt
* \textheight=650.43001pt
* \oddsidemargin=0.0pt
* \evensidemargin=0.0pt
* \topmargin=-37.0pt
* \headheight=12.0pt
* \headsep=25.0pt
* \topskip=12.0pt
* \footskip=30.0pt
* \marginparwidth=44.0pt
* \marginparsep=10.0pt
* \columnsep=10.0pt
* \skip\footins=10.8pt plus 4.0pt minus 2.0pt
* \hoffset=0.0pt
* \voffset=0.0pt
* \mag=1000
* \@twocolumnfalse
* \@twosidefalse
* \@mparswitchfalse
* \@reversemarginfalse
* (1in=72.27pt=25.4mm, 1cm=28.453pt)

(/home/julien/.miktex/texmfs/install/tex/context/base/supp-pdf.mkii
[Loading MPS to PDF converter (version 2006.09.02).]
\scratchcounter=\count309
\scratchdimen=\dimen287
\scratchbox=\box67
\nofMPsegments=\count310
\nofMParguments=\count311
\everyMPshowfont=\toks48
\MPscratchCnt=\count312
\MPscratchDim=\dimen288
\MPnumerator=\count313
\makeMPintoPDFobject=\count314
\everyMPtoPDFconversion=\toks49
) (/usr/local/share/miktex-texmf/tex/latex/oberdiek/epstopdf-base.sty
Package: epstopdf-base 2016/05/15 v2.6 Base part for package epstopdf

(/usr/local/share/miktex-texmf/tex/generic/oberdiek/infwarerr.sty
Package: infwarerr 2016/05/16 v1.4 Providing info/warning/error messages (HO)
)
(/usr/local/share/miktex-texmf/tex/latex/oberdiek/grfext.sty
Package: grfext 2016/05/16 v1.2 Manage graphics extensions (HO)

(/usr/local/share/miktex-texmf/tex/generic/oberdiek/kvdefinekeys.sty
Package: kvdefinekeys 2016/05/16 v1.4 Define keys (HO)

(/usr/local/share/miktex-texmf/tex/generic/oberdiek/ltxcmds.sty
Package: ltxcmds 2016/05/16 v1.23 LaTeX kernel commands for general use (HO)
)))
(/usr/local/share/miktex-texmf/tex/latex/oberdiek/kvoptions.sty
Package: kvoptions 2016/05/16 v3.12 Key value format for package options (HO)

(/usr/local/share/miktex-texmf/tex/generic/oberdiek/kvsetkeys.sty
Package: kvsetkeys 2016/05/16 v1.17 Key value parser (HO)

(/usr/local/share/miktex-texmf/tex/generic/oberdiek/etexcmds.sty
Package: etexcmds 2016/05/16 v1.6 Avoid name clashes with e-TeX commands (HO)

(/usr/local/share/miktex-texmf/tex/generic/oberdiek/ifluatex.sty
Package: ifluatex 2016/05/16 v1.4 Provides the ifluatex switch (HO)
Package ifluatex Info: LuaTeX not detected.
)
Package etexcmds Info: Could not find \expanded.
(etexcmds)             That can mean that you are not using pdfTeX 1.50 or
(etexcmds)             that some package has redefined \expanded.
(etexcmds)             In the latter case, load this package earlier.
)))
(/usr/local/share/miktex-texmf/tex/generic/oberdiek/pdftexcmds.sty
Package: pdftexcmds 2018/09/10 v0.29 Utility functions of pdfTeX for LuaTeX (HO
)
Package pdftexcmds Info: LuaTeX not detected.
Package pdftexcmds Info: \pdf@primitive is available.
Package pdftexcmds Info: \pdf@ifprimitive is available.
Package pdftexcmds Info: \pdfdraftmode found.
)
Package epstopdf-base Info: Redefining graphics rule for `.eps' on input line 4
38.
Package grfext Info: Graphics extension search list:
(grfext)             [.pdf,.png,.jpg,.mps,.jpeg,.jbig2,.jb2,.PDF,.PNG,.JPG,.JPE
G,.JBIG2,.JB2,.eps]
(grfext)             \AppendGraphicsExtensions on input line 456.
)
ABD: EveryShipout initializing macros
\c@lstlisting=\count315
Now handling font encoding TS1 ...
... processing UTF-8 mapping file for font encoding TS1

(/usr/local/share/miktex-texmf/tex/latex/base/ts1enc.dfu
File: ts1enc.dfu 2018/04/05 v1.2c UTF-8 support for inputenc
   defining Unicode char U+00A2 (decimal 162)
   defining Unicode char U+00A3 (decimal 163)
   defining Unicode char U+00A4 (decimal 164)
   defining Unicode char U+00A5 (decimal 165)
   defining Unicode char U+00A6 (decimal 166)
   defining Unicode char U+00A7 (decimal 167)
   defining Unicode char U+00A8 (decimal 168)
   defining Unicode char U+00A9 (decimal 169)
   defining Unicode char U+00AA (decimal 170)
   defining Unicode char U+00AC (decimal 172)
   defining Unicode char U+00AE (decimal 174)
   defining Unicode char U+00AF (decimal 175)
   defining Unicode char U+00B0 (decimal 176)
   defining Unicode char U+00B1 (decimal 177)
   defining Unicode char U+00B2 (decimal 178)
   defining Unicode char U+00B3 (decimal 179)
   defining Unicode char U+00B4 (decimal 180)
   defining Unicode char U+00B5 (decimal 181)
   defining Unicode char U+00B6 (decimal 182)
   defining Unicode char U+00B7 (decimal 183)
   defining Unicode char U+00B9 (decimal 185)
   defining Unicode char U+00BA (decimal 186)
   defining Unicode char U+00BC (decimal 188)
   defining Unicode char U+00BD (decimal 189)
   defining Unicode char U+00BE (decimal 190)
   defining Unicode char U+00D7 (decimal 215)
   defining Unicode char U+00F7 (decimal 247)
   defining Unicode char U+0192 (decimal 402)
   defining Unicode char U+02C7 (decimal 711)
   defining Unicode char U+02D8 (decimal 728)
   defining Unicode char U+02DD (decimal 733)
   defining Unicode char U+0E3F (decimal 3647)
   defining Unicode char U+2016 (decimal 8214)
   defining Unicode char U+2020 (decimal 8224)
   defining Unicode char U+2021 (decimal 8225)
   defining Unicode char U+2022 (decimal 8226)
   defining Unicode char U+2030 (decimal 8240)
   defining Unicode char U+2031 (decimal 8241)
   defining Unicode char U+203B (decimal 8251)
   defining Unicode char U+203D (decimal 8253)
   defining Unicode char U+2044 (decimal 8260)
   defining Unicode char U+204E (decimal 8270)
   defining Unicode char U+2052 (decimal 8274)
   defining Unicode char U+20A1 (decimal 8353)
   defining Unicode char U+20A4 (decimal 8356)
   defining Unicode char U+20A6 (decimal 8358)
   defining Unicode char U+20A9 (decimal 8361)
   defining Unicode char U+20AB (decimal 8363)
   defining Unicode char U+20AC (decimal 8364)
   defining Unicode char U+20B1 (decimal 8369)
   defining Unicode char U+2103 (decimal 8451)
   defining Unicode char U+2116 (decimal 8470)
   defining Unicode char U+2117 (decimal 8471)
   defining Unicode char U+211E (decimal 8478)
   defining Unicode char U+2120 (decimal 8480)
   defining Unicode char U+2122 (decimal 8482)
   defining Unicode char U+2126 (decimal 8486)
   defining Unicode char U+2127 (decimal 8487)
   defining Unicode char U+212E (decimal 8494)
   defining Unicode char U+2190 (decimal 8592)
   defining Unicode char U+2191 (decimal 8593)
   defining Unicode char U+2192 (decimal 8594)
   defining Unicode char U+2193 (decimal 8595)
   defining Unicode char U+2329 (decimal 9001)
   defining Unicode char U+232A (decimal 9002)
   defining Unicode char U+2422 (decimal 9250)
   defining Unicode char U+25E6 (decimal 9702)
   defining Unicode char U+25EF (decimal 9711)
   defining Unicode char U+266A (decimal 9834)
   defining Unicode char U+FEFF (decimal 65279)
)
(/home/julien/.miktex/texmfs/install/tex/latex/translator/translator-basic-dict
ionary-English.dict
Dictionary: translator-basic-dictionary, Language: English 
)
(/home/julien/.miktex/texmfs/install/tex/latex/siunitx/siunitx-abbreviations.cf
g
File: siunitx-abbreviations.cfg 2017/11/26 v2.7k siunitx: Abbreviated units
)
LaTeX Font Info:    Try loading font information for U+msa on input line 99.
 (/usr/local/share/miktex-texmf/tex/latex/amsfonts/umsa.fd
File: umsa.fd 2013/01/14 v3.01 AMS symbols A
)
LaTeX Font Info:    Try loading font information for U+msb on input line 99.

(/usr/local/share/miktex-texmf/tex/latex/amsfonts/umsb.fd
File: umsb.fd 2013/01/14 v3.01 AMS symbols B
) [1

{/home/julien/.miktex/texmfs/data/pdftex/config/pdftex.map}] [2]
LaTeX Font Info:    Try loading font information for OMS+cmr on input line 202.


(/usr/local/share/miktex-texmf/tex/latex/base/omscmr.fd
File: omscmr.fd 2014/09/29 v2.5h Standard LaTeX font definitions
)
LaTeX Font Info:    Font shape `OMS/cmr/m/n' in size <12> not available
(Font)              Font shape `OMS/cmsy/m/n' tried instead on input line 202.


LaTeX Warning: Reference `tab:tab:vertical_supply' on page 3 undefined on input
 line 231.

[3] [4] [5] [6] [7]
<../output/alpha2.jpg, id=41, 562.1pt x 421.575pt>
File: ../output/alpha2.jpg Graphic file (type jpg)
<use ../output/alpha2.jpg>
Package pdftex.def Info: ../output/alpha2.jpg  used on input line 441.
(pdftex.def)             Requested size: 328.82707pt x 246.61716pt.
 [8] [9 <../output/alpha2.jpg>] (7510_blp.aux)

LaTeX Warning: There were undefined references.

 ) 
Here is how much of TeX's memory you used:
 25998 strings out of 494889
 521043 string characters out of 3178926
 724782 words of memory out of 3000000
 29291 multiletter control sequences out of 15000+200000
 543930 words of font info for 70 fonts, out of 3000000 for 9000
 0 hyphenation exceptions out of 8191
 55i,13n,63p,491b,508s stack positions out of 5000i,500n,10000p,200000b,50000s
</usr/local/share/miktex-texmf/fonts/type1/public/amsfonts/cm/cmbx12.pfb></us
r/local/share/miktex-texmf/fonts/type1/public/amsfonts/cm/cmex10.pfb></usr/loca
l/share/miktex-texmf/fonts/type1/public/amsfonts/cm/cmmi12.pfb></usr/local/shar
e/miktex-texmf/fonts/type1/public/amsfonts/cm/cmmi6.pfb></usr/local/share/mikte
x-texmf/fonts/type1/public/amsfonts/cm/cmmi8.pfb></usr/local/share/miktex-texmf
/fonts/type1/public/amsfonts/cm/cmr12.pfb></usr/local/share/miktex-texmf/fonts/
type1/public/amsfonts/cm/cmr17.pfb></usr/local/share/miktex-texmf/fonts/type1/p
ublic/amsfonts/cm/cmr6.pfb></usr/local/share/miktex-texmf/fonts/type1/public/am
sfonts/cm/cmr8.pfb></usr/local/share/miktex-texmf/fonts/type1/public/amsfonts/c
m/cmsy10.pfb></usr/local/share/miktex-texmf/fonts/type1/public/amsfonts/cm/cmsy
6.pfb></usr/local/share/miktex-texmf/fonts/type1/public/amsfonts/cm/cmsy8.pfb><
/usr/local/share/miktex-texmf/fonts/type1/public/amsfonts/cm/cmtt12.pfb></usr/l
ocal/share/miktex-texmf/fonts/type1/public/amsfonts/symbols/msbm10.pfb>
Output written on 7510_blp.pdf (9 pages, 176023 bytes).
PDF statistics:
 92 PDF objects out of 1000 (max. 8388607)
 0 named destinations out of 1000 (max. 500000)
 18 words of extra memory for PDF output out of 10000 (max. 10000000)

